Arguments: 
  C:\Program Files\nodejs\node.exe C:\Program Files (x86)\Yarn\bin\yarn.js add react-native-elements

PATH: 
  C:\Users\lando\bin;C:\Program Files\Git\mingw64\bin;C:\Program Files\Git\usr\local\bin;C:\Program Files\Git\usr\bin;C:\Program Files\Git\usr\bin;C:\Program Files\Git\mingw64\bin;C:\Program Files\Git\usr\bin;C:\Users\lando\bin;C:\Program Files (x86)\Common Files\Oracle\Java\javapath;C:\Program Files (x86)\Intel\Intel(R) Management Engine Components\iCLS;C:\Program Files\Intel\Intel(R) Management Engine Components\iCLS;C:\ProgramData\Oracle\Java\javapath;C:\WINDOWS\system32;C:\WINDOWS;C:\WINDOWS\System32\Wbem;C:\WINDOWS\System32\WindowsPowerShell\v1.0;C:\Program Files\Git\cmd;C:\Program Files (x86)\Intel\Intel(R) Management Engine Components\DAL;C:\Program Files\Intel\Intel(R) Management Engine Components\DAL;C:\Program Files (x86)\Intel\Intel(R) Management Engine Components\IPT;C:\Program Files\Intel\Intel(R) Management Engine Components\IPT;C:\Program Files\nodejs;C:\Program Files (x86)\Yarn\bin;C:\Program Files (x86)\Calibre2;C:\WINDOWS\System32\OpenSSH;C:\Users\lando\AppData\Local\Microsoft\WindowsApps;C:\Users\lando\AppData\Local\Android\sdk\platform-tools;C:\Program Files\Microsoft VS Code\bin;C:\Users\lando\AppData\Roaming\npm;C:\Users\lando\AppData\Local\Yarn\bin;C:\Program Files\Git\usr\bin\vendor_perl;C:\Program Files\Git\usr\bin\core_perl

Yarn version: 
  1.6.0

Node version: 
  10.0.0

Platform: 
  win32 x64

Trace: 
  Error: EPERM: operation not permitted, unlink 'C:\reactnative\jobs\node_modules\anymatch\node_modules\extend-shallow\node_modules\is-extendable'

npm manifest: 
  {
    "main": "node_modules/expo/AppEntry.js",
    "private": true,
    "dependencies": {
      "expo": "^28.0.0",
      "react": "16.3.1",
      "react-native": "https://github.com/expo/react-native/archive/sdk-28.0.0.tar.gz",
      "react-navigation": "^2.6.2"
    }
  }

yarn manifest: 
  No manifest

Lockfile: 
  No lockfile
